{"duration":"3ms","level":"error","message":"Outgoing Response","method":"GET","requestId":"req_1770371116230_n7j3ldz9j","responseSize":40,"service":"api-gateway","statusCode":401,"timestamp":"2026-02-06 15:15:16","url":"/email/api/v1/users/692a754a98ba6094a799ff0a/sync-status"}
{"duration":"6ms","level":"error","message":"Outgoing Response","method":"GET","requestId":"req_1770371116230_n7j3ldz9j","responseSize":46,"service":"api-gateway","statusCode":401,"timestamp":"2026-02-06 15:15:16","url":"/email/api/v1/users/692a754a98ba6094a799ff0a/sync-status"}
{"duration":"12ms","level":"error","message":"Response Finished","method":"GET","requestId":"req_1770371116230_n7j3ldz9j","service":"api-gateway","statusCode":401,"timestamp":"2026-02-06 15:15:16","url":"/email/api/v1/users/692a754a98ba6094a799ff0a/sync-status"}
{"duration":"6ms","level":"error","message":"Outgoing Response","method":"GET","requestId":"req_1770371119869_thfctjtw8","responseSize":40,"service":"api-gateway","statusCode":401,"timestamp":"2026-02-06 15:15:19","url":"/email/api/v1/drive/users/692a754a98ba6094a799ff0a/vendors"}
{"duration":"7ms","level":"error","message":"Outgoing Response","method":"GET","requestId":"req_1770371119869_thfctjtw8","responseSize":46,"service":"api-gateway","statusCode":401,"timestamp":"2026-02-06 15:15:19","url":"/email/api/v1/drive/users/692a754a98ba6094a799ff0a/vendors"}
{"duration":"10ms","level":"error","message":"Response Finished","method":"GET","requestId":"req_1770371119869_thfctjtw8","service":"api-gateway","statusCode":401,"timestamp":"2026-02-06 15:15:19","url":"/email/api/v1/drive/users/692a754a98ba6094a799ff0a/vendors"}
{"duration":"28ms","level":"error","message":"Outgoing Response","method":"GET","requestId":"req_1770371121322_zs76eq0yo","responseSize":40,"service":"api-gateway","statusCode":401,"timestamp":"2026-02-06 15:15:21","url":"/email/api/v1/users/692a754a98ba6094a799ff0a/sync-status"}
{"duration":"29ms","level":"error","message":"Outgoing Response","method":"GET","requestId":"req_1770371121322_zs76eq0yo","responseSize":46,"service":"api-gateway","statusCode":401,"timestamp":"2026-02-06 15:15:21","url":"/email/api/v1/users/692a754a98ba6094a799ff0a/sync-status"}
{"duration":"30ms","level":"error","message":"Response Finished","method":"GET","requestId":"req_1770371121322_zs76eq0yo","service":"api-gateway","statusCode":401,"timestamp":"2026-02-06 15:15:21","url":"/email/api/v1/users/692a754a98ba6094a799ff0a/sync-status"}
{"duration":"2ms","level":"error","message":"Outgoing Response","method":"GET","requestId":"req_1770371121938_c7qbvita0","responseSize":40,"service":"api-gateway","statusCode":401,"timestamp":"2026-02-06 15:15:21","url":"/email/api/v1/users/692a754a98ba6094a799ff0a/sync-status"}
{"duration":"2ms","level":"error","message":"Outgoing Response","method":"GET","requestId":"req_1770371121938_c7qbvita0","responseSize":46,"service":"api-gateway","statusCode":401,"timestamp":"2026-02-06 15:15:21","url":"/email/api/v1/users/692a754a98ba6094a799ff0a/sync-status"}
{"duration":"3ms","level":"error","message":"Response Finished","method":"GET","requestId":"req_1770371121938_c7qbvita0","service":"api-gateway","statusCode":401,"timestamp":"2026-02-06 15:15:21","url":"/email/api/v1/users/692a754a98ba6094a799ff0a/sync-status"}
{"duration":"1ms","level":"error","message":"Outgoing Response","method":"GET","requestId":"req_1770371123170_r5orykxpl","responseSize":40,"service":"api-gateway","statusCode":401,"timestamp":"2026-02-06 15:15:23","url":"/email/api/v1/emails/schedule/690c7d0ee107fb31784c1b1b"}
{"duration":"2ms","level":"error","message":"Outgoing Response","method":"GET","requestId":"req_1770371123170_r5orykxpl","responseSize":46,"service":"api-gateway","statusCode":401,"timestamp":"2026-02-06 15:15:23","url":"/email/api/v1/emails/schedule/690c7d0ee107fb31784c1b1b"}
{"duration":"3ms","level":"error","message":"Response Finished","method":"GET","requestId":"req_1770371123170_r5orykxpl","service":"api-gateway","statusCode":401,"timestamp":"2026-02-06 15:15:23","url":"/email/api/v1/emails/schedule/690c7d0ee107fb31784c1b1b"}
{"duration":"1ms","level":"error","message":"Outgoing Response","method":"GET","requestId":"req_1770371124178_6h0u2ggvz","responseSize":40,"service":"api-gateway","statusCode":401,"timestamp":"2026-02-06 15:15:24","url":"/email/api/v1/emails/schedule/690c7d0ee107fb31784c1b1b"}
{"duration":"2ms","level":"error","message":"Outgoing Response","method":"GET","requestId":"req_1770371124178_6h0u2ggvz","responseSize":46,"service":"api-gateway","statusCode":401,"timestamp":"2026-02-06 15:15:24","url":"/email/api/v1/emails/schedule/690c7d0ee107fb31784c1b1b"}
{"duration":"3ms","level":"error","message":"Response Finished","method":"GET","requestId":"req_1770371124178_6h0u2ggvz","service":"api-gateway","statusCode":401,"timestamp":"2026-02-06 15:15:24","url":"/email/api/v1/emails/schedule/690c7d0ee107fb31784c1b1b"}
{"duration":"1ms","level":"error","message":"Outgoing Response","method":"GET","requestId":"req_1770371126186_9ylxx7dq8","responseSize":40,"service":"api-gateway","statusCode":401,"timestamp":"2026-02-06 15:15:26","url":"/email/api/v1/emails/schedule/690c7d0ee107fb31784c1b1b"}
{"duration":"1ms","level":"error","message":"Outgoing Response","method":"GET","requestId":"req_1770371126186_9ylxx7dq8","responseSize":46,"service":"api-gateway","statusCode":401,"timestamp":"2026-02-06 15:15:26","url":"/email/api/v1/emails/schedule/690c7d0ee107fb31784c1b1b"}
{"duration":"2ms","level":"error","message":"Response Finished","method":"GET","requestId":"req_1770371126186_9ylxx7dq8","service":"api-gateway","statusCode":401,"timestamp":"2026-02-06 15:15:26","url":"/email/api/v1/emails/schedule/690c7d0ee107fb31784c1b1b"}
